CRITICAL - 2021-04-20 18:33:06 --> syntax error, unexpected '<'
#0 /opt/lampp/htdocs/Projeto-Integrador/system/View/View.php(222): CodeIgniter\View\View->CodeIgniter\View\{closure}()
#1 /opt/lampp/htdocs/Projeto-Integrador/system/Common.php(1250): CodeIgniter\View\View->render('pages/index', Array, true)
#2 /opt/lampp/htdocs/Projeto-Integrador/app/Controllers/Pages.php(57): view('pages/index', Array)
#3 /opt/lampp/htdocs/Projeto-Integrador/system/CodeIgniter.php(938): App\Controllers\Pages->showme('index')
#4 /opt/lampp/htdocs/Projeto-Integrador/system/CodeIgniter.php(434): CodeIgniter\CodeIgniter->runController(Object(App\Controllers\Pages))
#5 /opt/lampp/htdocs/Projeto-Integrador/system/CodeIgniter.php(334): CodeIgniter\CodeIgniter->handleRequest(NULL, Object(Config\Cache), false)
#6 /opt/lampp/htdocs/Projeto-Integrador/public/index.php(44): CodeIgniter\CodeIgniter->run()
#7 {main}
CRITICAL - 2021-04-20 18:34:18 --> syntax error, unexpected '<'
#0 /opt/lampp/htdocs/Projeto-Integrador/system/View/View.php(222): CodeIgniter\View\View->CodeIgniter\View\{closure}()
#1 /opt/lampp/htdocs/Projeto-Integrador/system/Common.php(1250): CodeIgniter\View\View->render('pages/index', Array, true)
#2 /opt/lampp/htdocs/Projeto-Integrador/app/Controllers/Pages.php(57): view('pages/index', Array)
#3 /opt/lampp/htdocs/Projeto-Integrador/system/CodeIgniter.php(938): App\Controllers\Pages->showme('index')
#4 /opt/lampp/htdocs/Projeto-Integrador/system/CodeIgniter.php(434): CodeIgniter\CodeIgniter->runController(Object(App\Controllers\Pages))
#5 /opt/lampp/htdocs/Projeto-Integrador/system/CodeIgniter.php(334): CodeIgniter\CodeIgniter->handleRequest(NULL, Object(Config\Cache), false)
#6 /opt/lampp/htdocs/Projeto-Integrador/public/index.php(44): CodeIgniter\CodeIgniter->run()
#7 {main}
CRITICAL - 2021-04-20 18:34:44 --> syntax error, unexpected '<'
#0 /opt/lampp/htdocs/Projeto-Integrador/system/View/View.php(222): CodeIgniter\View\View->CodeIgniter\View\{closure}()
#1 /opt/lampp/htdocs/Projeto-Integrador/system/Common.php(1250): CodeIgniter\View\View->render('pages/index', Array, true)
#2 /opt/lampp/htdocs/Projeto-Integrador/app/Controllers/Pages.php(57): view('pages/index', Array)
#3 /opt/lampp/htdocs/Projeto-Integrador/system/CodeIgniter.php(938): App\Controllers\Pages->showme('index')
#4 /opt/lampp/htdocs/Projeto-Integrador/system/CodeIgniter.php(434): CodeIgniter\CodeIgniter->runController(Object(App\Controllers\Pages))
#5 /opt/lampp/htdocs/Projeto-Integrador/system/CodeIgniter.php(334): CodeIgniter\CodeIgniter->handleRequest(NULL, Object(Config\Cache), false)
#6 /opt/lampp/htdocs/Projeto-Integrador/public/index.php(44): CodeIgniter\CodeIgniter->run()
#7 {main}
CRITICAL - 2021-04-20 18:35:18 --> syntax error, unexpected '<'
#0 /opt/lampp/htdocs/Projeto-Integrador/system/View/View.php(222): CodeIgniter\View\View->CodeIgniter\View\{closure}()
#1 /opt/lampp/htdocs/Projeto-Integrador/system/Common.php(1250): CodeIgniter\View\View->render('pages/index', Array, true)
#2 /opt/lampp/htdocs/Projeto-Integrador/app/Controllers/Pages.php(57): view('pages/index', Array)
#3 /opt/lampp/htdocs/Projeto-Integrador/system/CodeIgniter.php(938): App\Controllers\Pages->showme('index')
#4 /opt/lampp/htdocs/Projeto-Integrador/system/CodeIgniter.php(434): CodeIgniter\CodeIgniter->runController(Object(App\Controllers\Pages))
#5 /opt/lampp/htdocs/Projeto-Integrador/system/CodeIgniter.php(334): CodeIgniter\CodeIgniter->handleRequest(NULL, Object(Config\Cache), false)
#6 /opt/lampp/htdocs/Projeto-Integrador/public/index.php(44): CodeIgniter\CodeIgniter->run()
#7 {main}
CRITICAL - 2021-04-20 18:42:42 --> syntax error, unexpected '<'
#0 /opt/lampp/htdocs/Projeto-Integrador/system/View/View.php(222): CodeIgniter\View\View->CodeIgniter\View\{closure}()
#1 /opt/lampp/htdocs/Projeto-Integrador/system/Common.php(1250): CodeIgniter\View\View->render('pages/index', Array, true)
#2 /opt/lampp/htdocs/Projeto-Integrador/app/Controllers/Pages.php(57): view('pages/index', Array)
#3 /opt/lampp/htdocs/Projeto-Integrador/system/CodeIgniter.php(938): App\Controllers\Pages->showme('index')
#4 /opt/lampp/htdocs/Projeto-Integrador/system/CodeIgniter.php(434): CodeIgniter\CodeIgniter->runController(Object(App\Controllers\Pages))
#5 /opt/lampp/htdocs/Projeto-Integrador/system/CodeIgniter.php(334): CodeIgniter\CodeIgniter->handleRequest(NULL, Object(Config\Cache), false)
#6 /opt/lampp/htdocs/Projeto-Integrador/public/index.php(44): CodeIgniter\CodeIgniter->run()
#7 {main}
CRITICAL - 2021-04-20 19:34:23 --> Undefined variable: celularModal
#0 /opt/lampp/htdocs/Projeto-Integrador/app/Views/pages/index.php(156): CodeIgniter\Debug\Exceptions->errorHandler(8, 'Undefined varia...', '/opt/lampp/htdo...', 156, Array)
#1 /opt/lampp/htdocs/Projeto-Integrador/system/View/View.php(220): include('/opt/lampp/htdo...')
#2 /opt/lampp/htdocs/Projeto-Integrador/system/View/View.php(222): CodeIgniter\View\View->CodeIgniter\View\{closure}()
#3 /opt/lampp/htdocs/Projeto-Integrador/system/Common.php(1250): CodeIgniter\View\View->render('pages/index', Array, true)
#4 /opt/lampp/htdocs/Projeto-Integrador/app/Controllers/Pages.php(57): view('pages/index', Array)
#5 /opt/lampp/htdocs/Projeto-Integrador/system/CodeIgniter.php(938): App\Controllers\Pages->showme('index')
#6 /opt/lampp/htdocs/Projeto-Integrador/system/CodeIgniter.php(434): CodeIgniter\CodeIgniter->runController(Object(App\Controllers\Pages))
#7 /opt/lampp/htdocs/Projeto-Integrador/system/CodeIgniter.php(334): CodeIgniter\CodeIgniter->handleRequest(NULL, Object(Config\Cache), false)
#8 /opt/lampp/htdocs/Projeto-Integrador/public/index.php(44): CodeIgniter\CodeIgniter->run()
#9 {main}
CRITICAL - 2021-04-20 19:55:49 --> Undefined variable: emailModal
#0 /opt/lampp/htdocs/Projeto-Integrador/app/Views/pages/index.php(147): CodeIgniter\Debug\Exceptions->errorHandler(8, 'Undefined varia...', '/opt/lampp/htdo...', 147, Array)
#1 /opt/lampp/htdocs/Projeto-Integrador/system/View/View.php(220): include('/opt/lampp/htdo...')
#2 /opt/lampp/htdocs/Projeto-Integrador/system/View/View.php(222): CodeIgniter\View\View->CodeIgniter\View\{closure}()
#3 /opt/lampp/htdocs/Projeto-Integrador/system/Common.php(1250): CodeIgniter\View\View->render('pages/index', Array, true)
#4 /opt/lampp/htdocs/Projeto-Integrador/app/Controllers/Pages.php(57): view('pages/index', Array)
#5 /opt/lampp/htdocs/Projeto-Integrador/system/CodeIgniter.php(938): App\Controllers\Pages->showme('index')
#6 /opt/lampp/htdocs/Projeto-Integrador/system/CodeIgniter.php(434): CodeIgniter\CodeIgniter->runController(Object(App\Controllers\Pages))
#7 /opt/lampp/htdocs/Projeto-Integrador/system/CodeIgniter.php(334): CodeIgniter\CodeIgniter->handleRequest(NULL, Object(Config\Cache), false)
#8 /opt/lampp/htdocs/Projeto-Integrador/public/index.php(44): CodeIgniter\CodeIgniter->run()
#9 {main}
CRITICAL - 2021-04-20 19:59:34 --> Undefined variable: emailModal
#0 /opt/lampp/htdocs/Projeto-Integrador/app/Views/pages/index.php(152): CodeIgniter\Debug\Exceptions->errorHandler(8, 'Undefined varia...', '/opt/lampp/htdo...', 152, Array)
#1 /opt/lampp/htdocs/Projeto-Integrador/system/View/View.php(220): include('/opt/lampp/htdo...')
#2 /opt/lampp/htdocs/Projeto-Integrador/system/View/View.php(222): CodeIgniter\View\View->CodeIgniter\View\{closure}()
#3 /opt/lampp/htdocs/Projeto-Integrador/system/Common.php(1250): CodeIgniter\View\View->render('pages/index', Array, true)
#4 /opt/lampp/htdocs/Projeto-Integrador/app/Controllers/Pages.php(57): view('pages/index', Array)
#5 /opt/lampp/htdocs/Projeto-Integrador/system/CodeIgniter.php(938): App\Controllers\Pages->showme('index')
#6 /opt/lampp/htdocs/Projeto-Integrador/system/CodeIgniter.php(434): CodeIgniter\CodeIgniter->runController(Object(App\Controllers\Pages))
#7 /opt/lampp/htdocs/Projeto-Integrador/system/CodeIgniter.php(334): CodeIgniter\CodeIgniter->handleRequest(NULL, Object(Config\Cache), false)
#8 /opt/lampp/htdocs/Projeto-Integrador/public/index.php(44): CodeIgniter\CodeIgniter->run()
#9 {main}
CRITICAL - 2021-04-20 20:01:14 --> Undefined variable: dados_banco2
#0 /opt/lampp/htdocs/Projeto-Integrador/app/Views/pages/index.php(138): CodeIgniter\Debug\Exceptions->errorHandler(8, 'Undefined varia...', '/opt/lampp/htdo...', 138, Array)
#1 /opt/lampp/htdocs/Projeto-Integrador/system/View/View.php(220): include('/opt/lampp/htdo...')
#2 /opt/lampp/htdocs/Projeto-Integrador/system/View/View.php(222): CodeIgniter\View\View->CodeIgniter\View\{closure}()
#3 /opt/lampp/htdocs/Projeto-Integrador/system/Common.php(1250): CodeIgniter\View\View->render('pages/index', Array, true)
#4 /opt/lampp/htdocs/Projeto-Integrador/app/Controllers/Pages.php(57): view('pages/index', Array)
#5 /opt/lampp/htdocs/Projeto-Integrador/system/CodeIgniter.php(938): App\Controllers\Pages->showme('index')
#6 /opt/lampp/htdocs/Projeto-Integrador/system/CodeIgniter.php(434): CodeIgniter\CodeIgniter->runController(Object(App\Controllers\Pages))
#7 /opt/lampp/htdocs/Projeto-Integrador/system/CodeIgniter.php(334): CodeIgniter\CodeIgniter->handleRequest(NULL, Object(Config\Cache), false)
#8 /opt/lampp/htdocs/Projeto-Integrador/public/index.php(44): CodeIgniter\CodeIgniter->run()
#9 {main}
CRITICAL - 2021-04-20 20:05:01 --> mysqli_fetch_array() expects parameter 1 to be mysqli_result, bool given
#0 [internal function]: CodeIgniter\Debug\Exceptions->errorHandler(2, 'mysqli_fetch_ar...', '/opt/lampp/htdo...', 140, Array)
#1 /opt/lampp/htdocs/Projeto-Integrador/app/Views/pages/index.php(140): mysqli_fetch_array(false)
#2 /opt/lampp/htdocs/Projeto-Integrador/system/View/View.php(220): include('/opt/lampp/htdo...')
#3 /opt/lampp/htdocs/Projeto-Integrador/system/View/View.php(222): CodeIgniter\View\View->CodeIgniter\View\{closure}()
#4 /opt/lampp/htdocs/Projeto-Integrador/system/Common.php(1250): CodeIgniter\View\View->render('pages/index', Array, true)
#5 /opt/lampp/htdocs/Projeto-Integrador/app/Controllers/Pages.php(57): view('pages/index', Array)
#6 /opt/lampp/htdocs/Projeto-Integrador/system/CodeIgniter.php(938): App\Controllers\Pages->showme('index')
#7 /opt/lampp/htdocs/Projeto-Integrador/system/CodeIgniter.php(434): CodeIgniter\CodeIgniter->runController(Object(App\Controllers\Pages))
#8 /opt/lampp/htdocs/Projeto-Integrador/system/CodeIgniter.php(334): CodeIgniter\CodeIgniter->handleRequest(NULL, Object(Config\Cache), false)
#9 /opt/lampp/htdocs/Projeto-Integrador/public/index.php(44): CodeIgniter\CodeIgniter->run()
#10 {main}
CRITICAL - 2021-04-20 20:05:16 --> mysqli_fetch_array() expects parameter 1 to be mysqli_result, bool given
#0 [internal function]: CodeIgniter\Debug\Exceptions->errorHandler(2, 'mysqli_fetch_ar...', '/opt/lampp/htdo...', 140, Array)
#1 /opt/lampp/htdocs/Projeto-Integrador/app/Views/pages/index.php(140): mysqli_fetch_array(false)
#2 /opt/lampp/htdocs/Projeto-Integrador/system/View/View.php(220): include('/opt/lampp/htdo...')
#3 /opt/lampp/htdocs/Projeto-Integrador/system/View/View.php(222): CodeIgniter\View\View->CodeIgniter\View\{closure}()
#4 /opt/lampp/htdocs/Projeto-Integrador/system/Common.php(1250): CodeIgniter\View\View->render('pages/index', Array, true)
#5 /opt/lampp/htdocs/Projeto-Integrador/app/Controllers/Pages.php(57): view('pages/index', Array)
#6 /opt/lampp/htdocs/Projeto-Integrador/system/CodeIgniter.php(938): App\Controllers\Pages->showme('index')
#7 /opt/lampp/htdocs/Projeto-Integrador/system/CodeIgniter.php(434): CodeIgniter\CodeIgniter->runController(Object(App\Controllers\Pages))
#8 /opt/lampp/htdocs/Projeto-Integrador/system/CodeIgniter.php(334): CodeIgniter\CodeIgniter->handleRequest(NULL, Object(Config\Cache), false)
#9 /opt/lampp/htdocs/Projeto-Integrador/public/index.php(44): CodeIgniter\CodeIgniter->run()
#10 {main}
CRITICAL - 2021-04-20 20:06:14 --> mysqli_fetch_array() expects parameter 1 to be mysqli_result, bool given
#0 [internal function]: CodeIgniter\Debug\Exceptions->errorHandler(2, 'mysqli_fetch_ar...', '/opt/lampp/htdo...', 140, Array)
#1 /opt/lampp/htdocs/Projeto-Integrador/app/Views/pages/index.php(140): mysqli_fetch_array(false)
#2 /opt/lampp/htdocs/Projeto-Integrador/system/View/View.php(220): include('/opt/lampp/htdo...')
#3 /opt/lampp/htdocs/Projeto-Integrador/system/View/View.php(222): CodeIgniter\View\View->CodeIgniter\View\{closure}()
#4 /opt/lampp/htdocs/Projeto-Integrador/system/Common.php(1250): CodeIgniter\View\View->render('pages/index', Array, true)
#5 /opt/lampp/htdocs/Projeto-Integrador/app/Controllers/Pages.php(57): view('pages/index', Array)
#6 /opt/lampp/htdocs/Projeto-Integrador/system/CodeIgniter.php(938): App\Controllers\Pages->showme('index')
#7 /opt/lampp/htdocs/Projeto-Integrador/system/CodeIgniter.php(434): CodeIgniter\CodeIgniter->runController(Object(App\Controllers\Pages))
#8 /opt/lampp/htdocs/Projeto-Integrador/system/CodeIgniter.php(334): CodeIgniter\CodeIgniter->handleRequest(NULL, Object(Config\Cache), false)
#9 /opt/lampp/htdocs/Projeto-Integrador/public/index.php(44): CodeIgniter\CodeIgniter->run()
#10 {main}
CRITICAL - 2021-04-20 20:06:25 --> mysqli_fetch_array() expects parameter 1 to be mysqli_result, bool given
#0 [internal function]: CodeIgniter\Debug\Exceptions->errorHandler(2, 'mysqli_fetch_ar...', '/opt/lampp/htdo...', 140, Array)
#1 /opt/lampp/htdocs/Projeto-Integrador/app/Views/pages/index.php(140): mysqli_fetch_array(false)
#2 /opt/lampp/htdocs/Projeto-Integrador/system/View/View.php(220): include('/opt/lampp/htdo...')
#3 /opt/lampp/htdocs/Projeto-Integrador/system/View/View.php(222): CodeIgniter\View\View->CodeIgniter\View\{closure}()
#4 /opt/lampp/htdocs/Projeto-Integrador/system/Common.php(1250): CodeIgniter\View\View->render('pages/index', Array, true)
#5 /opt/lampp/htdocs/Projeto-Integrador/app/Controllers/Pages.php(57): view('pages/index', Array)
#6 /opt/lampp/htdocs/Projeto-Integrador/system/CodeIgniter.php(938): App\Controllers\Pages->showme('index')
#7 /opt/lampp/htdocs/Projeto-Integrador/system/CodeIgniter.php(434): CodeIgniter\CodeIgniter->runController(Object(App\Controllers\Pages))
#8 /opt/lampp/htdocs/Projeto-Integrador/system/CodeIgniter.php(334): CodeIgniter\CodeIgniter->handleRequest(NULL, Object(Config\Cache), false)
#9 /opt/lampp/htdocs/Projeto-Integrador/public/index.php(44): CodeIgniter\CodeIgniter->run()
#10 {main}
CRITICAL - 2021-04-20 20:06:56 --> mysqli_fetch_array() expects parameter 1 to be mysqli_result, bool given
#0 [internal function]: CodeIgniter\Debug\Exceptions->errorHandler(2, 'mysqli_fetch_ar...', '/opt/lampp/htdo...', 140, Array)
#1 /opt/lampp/htdocs/Projeto-Integrador/app/Views/pages/index.php(140): mysqli_fetch_array(false)
#2 /opt/lampp/htdocs/Projeto-Integrador/system/View/View.php(220): include('/opt/lampp/htdo...')
#3 /opt/lampp/htdocs/Projeto-Integrador/system/View/View.php(222): CodeIgniter\View\View->CodeIgniter\View\{closure}()
#4 /opt/lampp/htdocs/Projeto-Integrador/system/Common.php(1250): CodeIgniter\View\View->render('pages/index', Array, true)
#5 /opt/lampp/htdocs/Projeto-Integrador/app/Controllers/Pages.php(57): view('pages/index', Array)
#6 /opt/lampp/htdocs/Projeto-Integrador/system/CodeIgniter.php(938): App\Controllers\Pages->showme('index')
#7 /opt/lampp/htdocs/Projeto-Integrador/system/CodeIgniter.php(434): CodeIgniter\CodeIgniter->runController(Object(App\Controllers\Pages))
#8 /opt/lampp/htdocs/Projeto-Integrador/system/CodeIgniter.php(334): CodeIgniter\CodeIgniter->handleRequest(NULL, Object(Config\Cache), false)
#9 /opt/lampp/htdocs/Projeto-Integrador/public/index.php(44): CodeIgniter\CodeIgniter->run()
#10 {main}
CRITICAL - 2021-04-20 20:07:35 --> mysqli_fetch_array() expects parameter 1 to be mysqli_result, bool given
#0 [internal function]: CodeIgniter\Debug\Exceptions->errorHandler(2, 'mysqli_fetch_ar...', '/opt/lampp/htdo...', 140, Array)
#1 /opt/lampp/htdocs/Projeto-Integrador/app/Views/pages/index.php(140): mysqli_fetch_array(false)
#2 /opt/lampp/htdocs/Projeto-Integrador/system/View/View.php(220): include('/opt/lampp/htdo...')
#3 /opt/lampp/htdocs/Projeto-Integrador/system/View/View.php(222): CodeIgniter\View\View->CodeIgniter\View\{closure}()
#4 /opt/lampp/htdocs/Projeto-Integrador/system/Common.php(1250): CodeIgniter\View\View->render('pages/index', Array, true)
#5 /opt/lampp/htdocs/Projeto-Integrador/app/Controllers/Pages.php(57): view('pages/index', Array)
#6 /opt/lampp/htdocs/Projeto-Integrador/system/CodeIgniter.php(938): App\Controllers\Pages->showme('index')
#7 /opt/lampp/htdocs/Projeto-Integrador/system/CodeIgniter.php(434): CodeIgniter\CodeIgniter->runController(Object(App\Controllers\Pages))
#8 /opt/lampp/htdocs/Projeto-Integrador/system/CodeIgniter.php(334): CodeIgniter\CodeIgniter->handleRequest(NULL, Object(Config\Cache), false)
#9 /opt/lampp/htdocs/Projeto-Integrador/public/index.php(44): CodeIgniter\CodeIgniter->run()
#10 {main}
CRITICAL - 2021-04-20 20:09:05 --> Undefined variable: emailModal
#0 /opt/lampp/htdocs/Projeto-Integrador/app/Views/pages/index.php(140): CodeIgniter\Debug\Exceptions->errorHandler(8, 'Undefined varia...', '/opt/lampp/htdo...', 140, Array)
#1 /opt/lampp/htdocs/Projeto-Integrador/system/View/View.php(220): include('/opt/lampp/htdo...')
#2 /opt/lampp/htdocs/Projeto-Integrador/system/View/View.php(222): CodeIgniter\View\View->CodeIgniter\View\{closure}()
#3 /opt/lampp/htdocs/Projeto-Integrador/system/Common.php(1250): CodeIgniter\View\View->render('pages/index', Array, true)
#4 /opt/lampp/htdocs/Projeto-Integrador/app/Controllers/Pages.php(57): view('pages/index', Array)
#5 /opt/lampp/htdocs/Projeto-Integrador/system/CodeIgniter.php(938): App\Controllers\Pages->showme('index')
#6 /opt/lampp/htdocs/Projeto-Integrador/system/CodeIgniter.php(434): CodeIgniter\CodeIgniter->runController(Object(App\Controllers\Pages))
#7 /opt/lampp/htdocs/Projeto-Integrador/system/CodeIgniter.php(334): CodeIgniter\CodeIgniter->handleRequest(NULL, Object(Config\Cache), false)
#8 /opt/lampp/htdocs/Projeto-Integrador/public/index.php(44): CodeIgniter\CodeIgniter->run()
#9 {main}
CRITICAL - 2021-04-20 20:10:21 --> Undefined variable: emailModal
#0 /opt/lampp/htdocs/Projeto-Integrador/app/Views/pages/index.php(141): CodeIgniter\Debug\Exceptions->errorHandler(8, 'Undefined varia...', '/opt/lampp/htdo...', 141, Array)
#1 /opt/lampp/htdocs/Projeto-Integrador/system/View/View.php(220): include('/opt/lampp/htdo...')
#2 /opt/lampp/htdocs/Projeto-Integrador/system/View/View.php(222): CodeIgniter\View\View->CodeIgniter\View\{closure}()
#3 /opt/lampp/htdocs/Projeto-Integrador/system/Common.php(1250): CodeIgniter\View\View->render('pages/index', Array, true)
#4 /opt/lampp/htdocs/Projeto-Integrador/app/Controllers/Pages.php(57): view('pages/index', Array)
#5 /opt/lampp/htdocs/Projeto-Integrador/system/CodeIgniter.php(938): App\Controllers\Pages->showme('index')
#6 /opt/lampp/htdocs/Projeto-Integrador/system/CodeIgniter.php(434): CodeIgniter\CodeIgniter->runController(Object(App\Controllers\Pages))
#7 /opt/lampp/htdocs/Projeto-Integrador/system/CodeIgniter.php(334): CodeIgniter\CodeIgniter->handleRequest(NULL, Object(Config\Cache), false)
#8 /opt/lampp/htdocs/Projeto-Integrador/public/index.php(44): CodeIgniter\CodeIgniter->run()
#9 {main}
CRITICAL - 2021-04-20 20:12:47 --> Undefined variable: emailModal
#0 /opt/lampp/htdocs/Projeto-Integrador/app/Views/pages/index.php(140): CodeIgniter\Debug\Exceptions->errorHandler(8, 'Undefined varia...', '/opt/lampp/htdo...', 140, Array)
#1 /opt/lampp/htdocs/Projeto-Integrador/system/View/View.php(220): include('/opt/lampp/htdo...')
#2 /opt/lampp/htdocs/Projeto-Integrador/system/View/View.php(222): CodeIgniter\View\View->CodeIgniter\View\{closure}()
#3 /opt/lampp/htdocs/Projeto-Integrador/system/Common.php(1250): CodeIgniter\View\View->render('pages/index', Array, true)
#4 /opt/lampp/htdocs/Projeto-Integrador/app/Controllers/Pages.php(57): view('pages/index', Array)
#5 /opt/lampp/htdocs/Projeto-Integrador/system/CodeIgniter.php(938): App\Controllers\Pages->showme('index')
#6 /opt/lampp/htdocs/Projeto-Integrador/system/CodeIgniter.php(434): CodeIgniter\CodeIgniter->runController(Object(App\Controllers\Pages))
#7 /opt/lampp/htdocs/Projeto-Integrador/system/CodeIgniter.php(334): CodeIgniter\CodeIgniter->handleRequest(NULL, Object(Config\Cache), false)
#8 /opt/lampp/htdocs/Projeto-Integrador/public/index.php(44): CodeIgniter\CodeIgniter->run()
#9 {main}
