CRITICAL - 2021-04-10 12:58:06 --> syntax error, unexpected string content "", expecting "-" or identifier or variable or number
#0 C:\xampp\htdocs\Projeto-Integrador\system\View\View.php(222): CodeIgniter\View\View->CodeIgniter\View\{closure}()
#1 C:\xampp\htdocs\Projeto-Integrador\system\Common.php(1250): CodeIgniter\View\View->render('../model/Proces...', Array, true)
#2 C:\xampp\htdocs\Projeto-Integrador\app\Controllers\Pages.php(32): view('../model/Proces...', Array)
#3 C:\xampp\htdocs\Projeto-Integrador\system\CodeIgniter.php(938): App\Controllers\Pages->showme('Processo_anunci...')
#4 C:\xampp\htdocs\Projeto-Integrador\system\CodeIgniter.php(434): CodeIgniter\CodeIgniter->runController(Object(App\Controllers\Pages))
#5 C:\xampp\htdocs\Projeto-Integrador\system\CodeIgniter.php(334): CodeIgniter\CodeIgniter->handleRequest(NULL, Object(Config\Cache), false)
#6 C:\xampp\htdocs\Projeto-Integrador\public\index.php(44): CodeIgniter\CodeIgniter->run()
#7 {main}
CRITICAL - 2021-04-10 12:58:42 --> syntax error, unexpected string content "", expecting "-" or identifier or variable or number
#0 C:\xampp\htdocs\Projeto-Integrador\system\View\View.php(222): CodeIgniter\View\View->CodeIgniter\View\{closure}()
#1 C:\xampp\htdocs\Projeto-Integrador\system\Common.php(1250): CodeIgniter\View\View->render('../model/Proces...', Array, true)
#2 C:\xampp\htdocs\Projeto-Integrador\app\Controllers\Pages.php(32): view('../model/Proces...', Array)
#3 C:\xampp\htdocs\Projeto-Integrador\system\CodeIgniter.php(938): App\Controllers\Pages->showme('Processo_anunci...')
#4 C:\xampp\htdocs\Projeto-Integrador\system\CodeIgniter.php(434): CodeIgniter\CodeIgniter->runController(Object(App\Controllers\Pages))
#5 C:\xampp\htdocs\Projeto-Integrador\system\CodeIgniter.php(334): CodeIgniter\CodeIgniter->handleRequest(NULL, Object(Config\Cache), false)
#6 C:\xampp\htdocs\Projeto-Integrador\public\index.php(44): CodeIgniter\CodeIgniter->run()
#7 {main}
CRITICAL - 2021-04-10 12:58:58 --> syntax error, unexpected string content "", expecting "-" or identifier or variable or number
#0 C:\xampp\htdocs\Projeto-Integrador\system\View\View.php(222): CodeIgniter\View\View->CodeIgniter\View\{closure}()
#1 C:\xampp\htdocs\Projeto-Integrador\system\Common.php(1250): CodeIgniter\View\View->render('../model/Proces...', Array, true)
#2 C:\xampp\htdocs\Projeto-Integrador\app\Controllers\Pages.php(32): view('../model/Proces...', Array)
#3 C:\xampp\htdocs\Projeto-Integrador\system\CodeIgniter.php(938): App\Controllers\Pages->showme('Processo_anunci...')
#4 C:\xampp\htdocs\Projeto-Integrador\system\CodeIgniter.php(434): CodeIgniter\CodeIgniter->runController(Object(App\Controllers\Pages))
#5 C:\xampp\htdocs\Projeto-Integrador\system\CodeIgniter.php(334): CodeIgniter\CodeIgniter->handleRequest(NULL, Object(Config\Cache), false)
#6 C:\xampp\htdocs\Projeto-Integrador\public\index.php(44): CodeIgniter\CodeIgniter->run()
#7 {main}
CRITICAL - 2021-04-10 13:45:58 --> Undefined array key "id"
#0 C:\xampp\htdocs\Projeto-Integrador\app\Views\pages\index.php(8): CodeIgniter\Debug\Exceptions->errorHandler(2, 'Undefined array...', 'C:\\xampp\\htdocs...', 8)
#1 C:\xampp\htdocs\Projeto-Integrador\system\View\View.php(220): include('C:\\xampp\\htdocs...')
#2 C:\xampp\htdocs\Projeto-Integrador\system\View\View.php(222): CodeIgniter\View\View->CodeIgniter\View\{closure}()
#3 C:\xampp\htdocs\Projeto-Integrador\system\Common.php(1250): CodeIgniter\View\View->render('pages/index', Array, true)
#4 C:\xampp\htdocs\Projeto-Integrador\app\Controllers\Pages.php(42): view('pages/index', Array)
#5 C:\xampp\htdocs\Projeto-Integrador\system\CodeIgniter.php(938): App\Controllers\Pages->showme('index')
#6 C:\xampp\htdocs\Projeto-Integrador\system\CodeIgniter.php(434): CodeIgniter\CodeIgniter->runController(Object(App\Controllers\Pages))
#7 C:\xampp\htdocs\Projeto-Integrador\system\CodeIgniter.php(334): CodeIgniter\CodeIgniter->handleRequest(NULL, Object(Config\Cache), false)
#8 C:\xampp\htdocs\Projeto-Integrador\public\index.php(44): CodeIgniter\CodeIgniter->run()
#9 {main}
CRITICAL - 2021-04-10 14:07:54 --> mysqli_query(): Argument #3 ($result_mode) must be of type int, string given
#0 C:\xampp\htdocs\Projeto-Integrador\app\model\Processo_usuario.php(14): mysqli_query(Object(mysqli), 'insert into usu...', 'SELECT last_ins...')
#1 C:\xampp\htdocs\Projeto-Integrador\system\View\View.php(220): include('C:\\xampp\\htdocs...')
#2 C:\xampp\htdocs\Projeto-Integrador\system\View\View.php(222): CodeIgniter\View\View->CodeIgniter\View\{closure}()
#3 C:\xampp\htdocs\Projeto-Integrador\system\Common.php(1250): CodeIgniter\View\View->render('../model/Proces...', Array, true)
#4 C:\xampp\htdocs\Projeto-Integrador\app\Controllers\Pages.php(27): view('../model/Proces...', Array)
#5 C:\xampp\htdocs\Projeto-Integrador\system\CodeIgniter.php(938): App\Controllers\Pages->showme('Processo_usuari...')
#6 C:\xampp\htdocs\Projeto-Integrador\system\CodeIgniter.php(434): CodeIgniter\CodeIgniter->runController(Object(App\Controllers\Pages))
#7 C:\xampp\htdocs\Projeto-Integrador\system\CodeIgniter.php(334): CodeIgniter\CodeIgniter->handleRequest(NULL, Object(Config\Cache), false)
#8 C:\xampp\htdocs\Projeto-Integrador\public\index.php(44): CodeIgniter\CodeIgniter->run()
#9 {main}
CRITICAL - 2021-04-10 14:17:08 --> syntax error, unexpected token "<", expecting end of file
#0 C:\xampp\htdocs\Projeto-Integrador\system\View\View.php(222): CodeIgniter\View\View->CodeIgniter\View\{closure}()
#1 C:\xampp\htdocs\Projeto-Integrador\system\Common.php(1250): CodeIgniter\View\View->render('templates/heade...', Array, true)
#2 C:\xampp\htdocs\Projeto-Integrador\app\Controllers\Pages.php(19): view('templates/heade...', Array)
#3 C:\xampp\htdocs\Projeto-Integrador\system\CodeIgniter.php(938): App\Controllers\Pages->showme('index-dashboard')
#4 C:\xampp\htdocs\Projeto-Integrador\system\CodeIgniter.php(434): CodeIgniter\CodeIgniter->runController(Object(App\Controllers\Pages))
#5 C:\xampp\htdocs\Projeto-Integrador\system\CodeIgniter.php(334): CodeIgniter\CodeIgniter->handleRequest(NULL, Object(Config\Cache), false)
#6 C:\xampp\htdocs\Projeto-Integrador\public\index.php(44): CodeIgniter\CodeIgniter->run()
#7 {main}
