CRITICAL - 2021-04-17 12:42:57 --> Undefined array key "usuario.nome"
#0 C:\xampp\htdocs\Projeto-Integrador\app\Views\pages\index.php(74): CodeIgniter\Debug\Exceptions->errorHandler(2, 'Undefined array...', 'C:\\xampp\\htdocs...', 74)
#1 C:\xampp\htdocs\Projeto-Integrador\system\View\View.php(220): include('C:\\xampp\\htdocs...')
#2 C:\xampp\htdocs\Projeto-Integrador\system\View\View.php(222): CodeIgniter\View\View->CodeIgniter\View\{closure}()
#3 C:\xampp\htdocs\Projeto-Integrador\system\Common.php(1250): CodeIgniter\View\View->render('pages/index', Array, true)
#4 C:\xampp\htdocs\Projeto-Integrador\app\Controllers\Pages.php(57): view('pages/index', Array)
#5 C:\xampp\htdocs\Projeto-Integrador\system\CodeIgniter.php(938): App\Controllers\Pages->showme('index')
#6 C:\xampp\htdocs\Projeto-Integrador\system\CodeIgniter.php(434): CodeIgniter\CodeIgniter->runController(Object(App\Controllers\Pages))
#7 C:\xampp\htdocs\Projeto-Integrador\system\CodeIgniter.php(334): CodeIgniter\CodeIgniter->handleRequest(NULL, Object(Config\Cache), false)
#8 C:\xampp\htdocs\Projeto-Integrador\public\index.php(44): CodeIgniter\CodeIgniter->run()
#9 {main}
CRITICAL - 2021-04-17 12:48:24 --> mysqli_fetch_array(): Argument #1 ($result) must be of type mysqli_result, bool given
#0 C:\xampp\htdocs\Projeto-Integrador\app\Views\pages\index.php(66): mysqli_fetch_array(false)
#1 C:\xampp\htdocs\Projeto-Integrador\system\View\View.php(220): include('C:\\xampp\\htdocs...')
#2 C:\xampp\htdocs\Projeto-Integrador\system\View\View.php(222): CodeIgniter\View\View->CodeIgniter\View\{closure}()
#3 C:\xampp\htdocs\Projeto-Integrador\system\Common.php(1250): CodeIgniter\View\View->render('pages/index', Array, true)
#4 C:\xampp\htdocs\Projeto-Integrador\app\Controllers\Pages.php(57): view('pages/index', Array)
#5 C:\xampp\htdocs\Projeto-Integrador\system\CodeIgniter.php(938): App\Controllers\Pages->showme('index')
#6 C:\xampp\htdocs\Projeto-Integrador\system\CodeIgniter.php(434): CodeIgniter\CodeIgniter->runController(Object(App\Controllers\Pages))
#7 C:\xampp\htdocs\Projeto-Integrador\system\CodeIgniter.php(334): CodeIgniter\CodeIgniter->handleRequest(NULL, Object(Config\Cache), false)
#8 C:\xampp\htdocs\Projeto-Integrador\public\index.php(44): CodeIgniter\CodeIgniter->run()
#9 {main}
CRITICAL - 2021-04-17 13:05:36 --> Unclosed '{' on line 39
#0 C:\xampp\htdocs\Projeto-Integrador\system\View\View.php(222): CodeIgniter\View\View->CodeIgniter\View\{closure}()
#1 C:\xampp\htdocs\Projeto-Integrador\system\Common.php(1250): CodeIgniter\View\View->render('pages/index-das...', Array, true)
#2 C:\xampp\htdocs\Projeto-Integrador\app\Controllers\Pages.php(20): view('pages/index-das...', Array)
#3 C:\xampp\htdocs\Projeto-Integrador\system\CodeIgniter.php(938): App\Controllers\Pages->showme('index-dashboard')
#4 C:\xampp\htdocs\Projeto-Integrador\system\CodeIgniter.php(434): CodeIgniter\CodeIgniter->runController(Object(App\Controllers\Pages))
#5 C:\xampp\htdocs\Projeto-Integrador\system\CodeIgniter.php(334): CodeIgniter\CodeIgniter->handleRequest(NULL, Object(Config\Cache), false)
#6 C:\xampp\htdocs\Projeto-Integrador\public\index.php(44): CodeIgniter\CodeIgniter->run()
#7 {main}
CRITICAL - 2021-04-17 13:24:31 --> Undefined array key "nome"
#0 C:\xampp\htdocs\Projeto-Integrador\app\Views\pages\index-dashboard.php(20): CodeIgniter\Debug\Exceptions->errorHandler(2, 'Undefined array...', 'C:\\xampp\\htdocs...', 20)
#1 C:\xampp\htdocs\Projeto-Integrador\system\View\View.php(220): include('C:\\xampp\\htdocs...')
#2 C:\xampp\htdocs\Projeto-Integrador\system\View\View.php(222): CodeIgniter\View\View->CodeIgniter\View\{closure}()
#3 C:\xampp\htdocs\Projeto-Integrador\system\Common.php(1250): CodeIgniter\View\View->render('pages/index-das...', Array, true)
#4 C:\xampp\htdocs\Projeto-Integrador\app\Controllers\Pages.php(20): view('pages/index-das...', Array)
#5 C:\xampp\htdocs\Projeto-Integrador\system\CodeIgniter.php(938): App\Controllers\Pages->showme('index-dashboard')
#6 C:\xampp\htdocs\Projeto-Integrador\system\CodeIgniter.php(434): CodeIgniter\CodeIgniter->runController(Object(App\Controllers\Pages))
#7 C:\xampp\htdocs\Projeto-Integrador\system\CodeIgniter.php(334): CodeIgniter\CodeIgniter->handleRequest(NULL, Object(Config\Cache), false)
#8 C:\xampp\htdocs\Projeto-Integrador\public\index.php(44): CodeIgniter\CodeIgniter->run()
#9 {main}
CRITICAL - 2021-04-17 14:20:11 --> Undefined variable $dados_banco3
#0 C:\xampp\htdocs\Projeto-Integrador\app\Views\pages\index-dashboard.php(87): CodeIgniter\Debug\Exceptions->errorHandler(2, 'Undefined varia...', 'C:\\xampp\\htdocs...', 87)
#1 C:\xampp\htdocs\Projeto-Integrador\system\View\View.php(220): include('C:\\xampp\\htdocs...')
#2 C:\xampp\htdocs\Projeto-Integrador\system\View\View.php(222): CodeIgniter\View\View->CodeIgniter\View\{closure}()
#3 C:\xampp\htdocs\Projeto-Integrador\system\Common.php(1250): CodeIgniter\View\View->render('pages/index-das...', Array, true)
#4 C:\xampp\htdocs\Projeto-Integrador\app\Controllers\Pages.php(20): view('pages/index-das...', Array)
#5 C:\xampp\htdocs\Projeto-Integrador\system\CodeIgniter.php(938): App\Controllers\Pages->showme('index-dashboard')
#6 C:\xampp\htdocs\Projeto-Integrador\system\CodeIgniter.php(434): CodeIgniter\CodeIgniter->runController(Object(App\Controllers\Pages))
#7 C:\xampp\htdocs\Projeto-Integrador\system\CodeIgniter.php(334): CodeIgniter\CodeIgniter->handleRequest(NULL, Object(Config\Cache), false)
#8 C:\xampp\htdocs\Projeto-Integrador\public\index.php(44): CodeIgniter\CodeIgniter->run()
#9 {main}
CRITICAL - 2021-04-17 14:20:34 --> Undefined array key "nome"
#0 C:\xampp\htdocs\Projeto-Integrador\app\Views\pages\index-dashboard.php(89): CodeIgniter\Debug\Exceptions->errorHandler(2, 'Undefined array...', 'C:\\xampp\\htdocs...', 89)
#1 C:\xampp\htdocs\Projeto-Integrador\system\View\View.php(220): include('C:\\xampp\\htdocs...')
#2 C:\xampp\htdocs\Projeto-Integrador\system\View\View.php(222): CodeIgniter\View\View->CodeIgniter\View\{closure}()
#3 C:\xampp\htdocs\Projeto-Integrador\system\Common.php(1250): CodeIgniter\View\View->render('pages/index-das...', Array, true)
#4 C:\xampp\htdocs\Projeto-Integrador\app\Controllers\Pages.php(20): view('pages/index-das...', Array)
#5 C:\xampp\htdocs\Projeto-Integrador\system\CodeIgniter.php(938): App\Controllers\Pages->showme('index-dashboard')
#6 C:\xampp\htdocs\Projeto-Integrador\system\CodeIgniter.php(434): CodeIgniter\CodeIgniter->runController(Object(App\Controllers\Pages))
#7 C:\xampp\htdocs\Projeto-Integrador\system\CodeIgniter.php(334): CodeIgniter\CodeIgniter->handleRequest(NULL, Object(Config\Cache), false)
#8 C:\xampp\htdocs\Projeto-Integrador\public\index.php(44): CodeIgniter\CodeIgniter->run()
#9 {main}
CRITICAL - 2021-04-17 14:33:13 --> syntax error, unexpected token "{", expecting "("
#0 C:\xampp\htdocs\Projeto-Integrador\system\View\View.php(222): CodeIgniter\View\View->CodeIgniter\View\{closure}()
#1 C:\xampp\htdocs\Projeto-Integrador\system\Common.php(1250): CodeIgniter\View\View->render('pages/index-das...', Array, true)
#2 C:\xampp\htdocs\Projeto-Integrador\app\Controllers\Pages.php(20): view('pages/index-das...', Array)
#3 C:\xampp\htdocs\Projeto-Integrador\system\CodeIgniter.php(938): App\Controllers\Pages->showme('index-dashboard')
#4 C:\xampp\htdocs\Projeto-Integrador\system\CodeIgniter.php(434): CodeIgniter\CodeIgniter->runController(Object(App\Controllers\Pages))
#5 C:\xampp\htdocs\Projeto-Integrador\system\CodeIgniter.php(334): CodeIgniter\CodeIgniter->handleRequest(NULL, Object(Config\Cache), false)
#6 C:\xampp\htdocs\Projeto-Integrador\public\index.php(44): CodeIgniter\CodeIgniter->run()
#7 {main}
CRITICAL - 2021-04-17 14:54:14 --> syntax error, unexpected token ","
#0 C:\xampp\htdocs\Projeto-Integrador\system\View\View.php(222): CodeIgniter\View\View->CodeIgniter\View\{closure}()
#1 C:\xampp\htdocs\Projeto-Integrador\system\Common.php(1250): CodeIgniter\View\View->render('pages/index-das...', Array, true)
#2 C:\xampp\htdocs\Projeto-Integrador\app\Controllers\Pages.php(20): view('pages/index-das...', Array)
#3 C:\xampp\htdocs\Projeto-Integrador\system\CodeIgniter.php(938): App\Controllers\Pages->showme('index-dashboard')
#4 C:\xampp\htdocs\Projeto-Integrador\system\CodeIgniter.php(434): CodeIgniter\CodeIgniter->runController(Object(App\Controllers\Pages))
#5 C:\xampp\htdocs\Projeto-Integrador\system\CodeIgniter.php(334): CodeIgniter\CodeIgniter->handleRequest(NULL, Object(Config\Cache), false)
#6 C:\xampp\htdocs\Projeto-Integrador\public\index.php(44): CodeIgniter\CodeIgniter->run()
#7 {main}
CRITICAL - 2021-04-17 14:55:24 --> syntax error, unexpected token ","
#0 C:\xampp\htdocs\Projeto-Integrador\system\View\View.php(222): CodeIgniter\View\View->CodeIgniter\View\{closure}()
#1 C:\xampp\htdocs\Projeto-Integrador\system\Common.php(1250): CodeIgniter\View\View->render('pages/index-das...', Array, true)
#2 C:\xampp\htdocs\Projeto-Integrador\app\Controllers\Pages.php(20): view('pages/index-das...', Array)
#3 C:\xampp\htdocs\Projeto-Integrador\system\CodeIgniter.php(938): App\Controllers\Pages->showme('index-dashboard')
#4 C:\xampp\htdocs\Projeto-Integrador\system\CodeIgniter.php(434): CodeIgniter\CodeIgniter->runController(Object(App\Controllers\Pages))
#5 C:\xampp\htdocs\Projeto-Integrador\system\CodeIgniter.php(334): CodeIgniter\CodeIgniter->handleRequest(NULL, Object(Config\Cache), false)
#6 C:\xampp\htdocs\Projeto-Integrador\public\index.php(44): CodeIgniter\CodeIgniter->run()
#7 {main}
CRITICAL - 2021-04-17 14:57:11 --> Undefined variable $conn
#0 C:\xampp\htdocs\Projeto-Integrador\app\Views\pages\index-dashboard.php(88): CodeIgniter\Debug\Exceptions->errorHandler(2, 'Undefined varia...', 'C:\\xampp\\htdocs...', 88)
#1 C:\xampp\htdocs\Projeto-Integrador\app\Views\pages\index-dashboard.php(38): removerBanco('36', 1)
#2 C:\xampp\htdocs\Projeto-Integrador\system\View\View.php(220): include('C:\\xampp\\htdocs...')
#3 C:\xampp\htdocs\Projeto-Integrador\system\View\View.php(222): CodeIgniter\View\View->CodeIgniter\View\{closure}()
#4 C:\xampp\htdocs\Projeto-Integrador\system\Common.php(1250): CodeIgniter\View\View->render('pages/index-das...', Array, true)
#5 C:\xampp\htdocs\Projeto-Integrador\app\Controllers\Pages.php(20): view('pages/index-das...', Array)
#6 C:\xampp\htdocs\Projeto-Integrador\system\CodeIgniter.php(938): App\Controllers\Pages->showme('index-dashboard')
#7 C:\xampp\htdocs\Projeto-Integrador\system\CodeIgniter.php(434): CodeIgniter\CodeIgniter->runController(Object(App\Controllers\Pages))
#8 C:\xampp\htdocs\Projeto-Integrador\system\CodeIgniter.php(334): CodeIgniter\CodeIgniter->handleRequest(NULL, Object(Config\Cache), false)
#9 C:\xampp\htdocs\Projeto-Integrador\public\index.php(44): CodeIgniter\CodeIgniter->run()
#10 {main}
CRITICAL - 2021-04-17 14:58:35 --> Undefined variable $conn
#0 C:\xampp\htdocs\Projeto-Integrador\app\Views\pages\index-dashboard.php(15): CodeIgniter\Debug\Exceptions->errorHandler(2, 'Undefined varia...', 'C:\\xampp\\htdocs...', 15)
#1 C:\xampp\htdocs\Projeto-Integrador\app\Views\pages\index-dashboard.php(48): removerBanco('36', 1)
#2 C:\xampp\htdocs\Projeto-Integrador\system\View\View.php(220): include('C:\\xampp\\htdocs...')
#3 C:\xampp\htdocs\Projeto-Integrador\system\View\View.php(222): CodeIgniter\View\View->CodeIgniter\View\{closure}()
#4 C:\xampp\htdocs\Projeto-Integrador\system\Common.php(1250): CodeIgniter\View\View->render('pages/index-das...', Array, true)
#5 C:\xampp\htdocs\Projeto-Integrador\app\Controllers\Pages.php(20): view('pages/index-das...', Array)
#6 C:\xampp\htdocs\Projeto-Integrador\system\CodeIgniter.php(938): App\Controllers\Pages->showme('index-dashboard')
#7 C:\xampp\htdocs\Projeto-Integrador\system\CodeIgniter.php(434): CodeIgniter\CodeIgniter->runController(Object(App\Controllers\Pages))
#8 C:\xampp\htdocs\Projeto-Integrador\system\CodeIgniter.php(334): CodeIgniter\CodeIgniter->handleRequest(NULL, Object(Config\Cache), false)
#9 C:\xampp\htdocs\Projeto-Integrador\public\index.php(44): CodeIgniter\CodeIgniter->run()
#10 {main}
CRITICAL - 2021-04-17 14:59:29 --> Undefined variable $connS
#0 C:\xampp\htdocs\Projeto-Integrador\app\Views\pages\index-dashboard.php(48): CodeIgniter\Debug\Exceptions->errorHandler(2, 'Undefined varia...', 'C:\\xampp\\htdocs...', 48)
#1 C:\xampp\htdocs\Projeto-Integrador\system\View\View.php(220): include('C:\\xampp\\htdocs...')
#2 C:\xampp\htdocs\Projeto-Integrador\system\View\View.php(222): CodeIgniter\View\View->CodeIgniter\View\{closure}()
#3 C:\xampp\htdocs\Projeto-Integrador\system\Common.php(1250): CodeIgniter\View\View->render('pages/index-das...', Array, true)
#4 C:\xampp\htdocs\Projeto-Integrador\app\Controllers\Pages.php(20): view('pages/index-das...', Array)
#5 C:\xampp\htdocs\Projeto-Integrador\system\CodeIgniter.php(938): App\Controllers\Pages->showme('index-dashboard')
#6 C:\xampp\htdocs\Projeto-Integrador\system\CodeIgniter.php(434): CodeIgniter\CodeIgniter->runController(Object(App\Controllers\Pages))
#7 C:\xampp\htdocs\Projeto-Integrador\system\CodeIgniter.php(334): CodeIgniter\CodeIgniter->handleRequest(NULL, Object(Config\Cache), false)
#8 C:\xampp\htdocs\Projeto-Integrador\public\index.php(44): CodeIgniter\CodeIgniter->run()
#9 {main}
CRITICAL - 2021-04-17 15:03:56 --> Undefined variable $id
#0 C:\xampp\htdocs\Projeto-Integrador\app\Views\pages\index-dashboard.php(117): CodeIgniter\Debug\Exceptions->errorHandler(2, 'Undefined varia...', 'C:\\xampp\\htdocs...', 117)
#1 C:\xampp\htdocs\Projeto-Integrador\system\View\View.php(220): include('C:\\xampp\\htdocs...')
#2 C:\xampp\htdocs\Projeto-Integrador\system\View\View.php(222): CodeIgniter\View\View->CodeIgniter\View\{closure}()
#3 C:\xampp\htdocs\Projeto-Integrador\system\Common.php(1250): CodeIgniter\View\View->render('pages/index-das...', Array, true)
#4 C:\xampp\htdocs\Projeto-Integrador\app\Controllers\Pages.php(20): view('pages/index-das...', Array)
#5 C:\xampp\htdocs\Projeto-Integrador\system\CodeIgniter.php(938): App\Controllers\Pages->showme('index-dashboard')
#6 C:\xampp\htdocs\Projeto-Integrador\system\CodeIgniter.php(434): CodeIgniter\CodeIgniter->runController(Object(App\Controllers\Pages))
#7 C:\xampp\htdocs\Projeto-Integrador\system\CodeIgniter.php(334): CodeIgniter\CodeIgniter->handleRequest(NULL, Object(Config\Cache), false)
#8 C:\xampp\htdocs\Projeto-Integrador\public\index.php(44): CodeIgniter\CodeIgniter->run()
#9 {main}
