CRITICAL - 2021-04-19 11:32:10 --> Undefined array key "nome"
#0 C:\xampp\htdocs\Projeto-Integrador\app\Views\pages\index-imoveis-disponiveis.php(39): CodeIgniter\Debug\Exceptions->errorHandler(2, 'Undefined array...', 'C:\\xampp\\htdocs...', 39)
#1 C:\xampp\htdocs\Projeto-Integrador\system\View\View.php(220): include('C:\\xampp\\htdocs...')
#2 C:\xampp\htdocs\Projeto-Integrador\system\View\View.php(222): CodeIgniter\View\View->CodeIgniter\View\{closure}()
#3 C:\xampp\htdocs\Projeto-Integrador\system\Common.php(1250): CodeIgniter\View\View->render('pages/index-imo...', Array, true)
#4 C:\xampp\htdocs\Projeto-Integrador\app\Controllers\Pages.php(57): view('pages/index-imo...', Array)
#5 C:\xampp\htdocs\Projeto-Integrador\system\CodeIgniter.php(938): App\Controllers\Pages->showme('index-imoveis-d...')
#6 C:\xampp\htdocs\Projeto-Integrador\system\CodeIgniter.php(434): CodeIgniter\CodeIgniter->runController(Object(App\Controllers\Pages))
#7 C:\xampp\htdocs\Projeto-Integrador\system\CodeIgniter.php(334): CodeIgniter\CodeIgniter->handleRequest(NULL, Object(Config\Cache), false)
#8 C:\xampp\htdocs\Projeto-Integrador\public\index.php(44): CodeIgniter\CodeIgniter->run()
#9 {main}
CRITICAL - 2021-04-19 11:33:13 --> Undefined variable $nome
#0 C:\xampp\htdocs\Projeto-Integrador\app\Views\pages\index-imoveis-disponiveis.php(55): CodeIgniter\Debug\Exceptions->errorHandler(2, 'Undefined varia...', 'C:\\xampp\\htdocs...', 55)
#1 C:\xampp\htdocs\Projeto-Integrador\system\View\View.php(220): include('C:\\xampp\\htdocs...')
#2 C:\xampp\htdocs\Projeto-Integrador\system\View\View.php(222): CodeIgniter\View\View->CodeIgniter\View\{closure}()
#3 C:\xampp\htdocs\Projeto-Integrador\system\Common.php(1250): CodeIgniter\View\View->render('pages/index-imo...', Array, true)
#4 C:\xampp\htdocs\Projeto-Integrador\app\Controllers\Pages.php(57): view('pages/index-imo...', Array)
#5 C:\xampp\htdocs\Projeto-Integrador\system\CodeIgniter.php(938): App\Controllers\Pages->showme('index-imoveis-d...')
#6 C:\xampp\htdocs\Projeto-Integrador\system\CodeIgniter.php(434): CodeIgniter\CodeIgniter->runController(Object(App\Controllers\Pages))
#7 C:\xampp\htdocs\Projeto-Integrador\system\CodeIgniter.php(334): CodeIgniter\CodeIgniter->handleRequest(NULL, Object(Config\Cache), false)
#8 C:\xampp\htdocs\Projeto-Integrador\public\index.php(44): CodeIgniter\CodeIgniter->run()
#9 {main}
CRITICAL - 2021-04-19 11:34:54 --> Undefined array key "nome"
#0 C:\xampp\htdocs\Projeto-Integrador\app\Views\pages\index-imoveis-disponiveis.php(41): CodeIgniter\Debug\Exceptions->errorHandler(2, 'Undefined array...', 'C:\\xampp\\htdocs...', 41)
#1 C:\xampp\htdocs\Projeto-Integrador\system\View\View.php(220): include('C:\\xampp\\htdocs...')
#2 C:\xampp\htdocs\Projeto-Integrador\system\View\View.php(222): CodeIgniter\View\View->CodeIgniter\View\{closure}()
#3 C:\xampp\htdocs\Projeto-Integrador\system\Common.php(1250): CodeIgniter\View\View->render('pages/index-imo...', Array, true)
#4 C:\xampp\htdocs\Projeto-Integrador\app\Controllers\Pages.php(57): view('pages/index-imo...', Array)
#5 C:\xampp\htdocs\Projeto-Integrador\system\CodeIgniter.php(938): App\Controllers\Pages->showme('index-imoveis-d...')
#6 C:\xampp\htdocs\Projeto-Integrador\system\CodeIgniter.php(434): CodeIgniter\CodeIgniter->runController(Object(App\Controllers\Pages))
#7 C:\xampp\htdocs\Projeto-Integrador\system\CodeIgniter.php(334): CodeIgniter\CodeIgniter->handleRequest(NULL, Object(Config\Cache), false)
#8 C:\xampp\htdocs\Projeto-Integrador\public\index.php(44): CodeIgniter\CodeIgniter->run()
#9 {main}
CRITICAL - 2021-04-19 11:35:23 --> mysqli_fetch_array(): Argument #1 ($result) must be of type mysqli_result, bool given
#0 C:\xampp\htdocs\Projeto-Integrador\app\Views\pages\index-imoveis-disponiveis.php(33): mysqli_fetch_array(false)
#1 C:\xampp\htdocs\Projeto-Integrador\system\View\View.php(220): include('C:\\xampp\\htdocs...')
#2 C:\xampp\htdocs\Projeto-Integrador\system\View\View.php(222): CodeIgniter\View\View->CodeIgniter\View\{closure}()
#3 C:\xampp\htdocs\Projeto-Integrador\system\Common.php(1250): CodeIgniter\View\View->render('pages/index-imo...', Array, true)
#4 C:\xampp\htdocs\Projeto-Integrador\app\Controllers\Pages.php(57): view('pages/index-imo...', Array)
#5 C:\xampp\htdocs\Projeto-Integrador\system\CodeIgniter.php(938): App\Controllers\Pages->showme('index-imoveis-d...')
#6 C:\xampp\htdocs\Projeto-Integrador\system\CodeIgniter.php(434): CodeIgniter\CodeIgniter->runController(Object(App\Controllers\Pages))
#7 C:\xampp\htdocs\Projeto-Integrador\system\CodeIgniter.php(334): CodeIgniter\CodeIgniter->handleRequest(NULL, Object(Config\Cache), false)
#8 C:\xampp\htdocs\Projeto-Integrador\public\index.php(44): CodeIgniter\CodeIgniter->run()
#9 {main}
CRITICAL - 2021-04-19 11:37:32 --> mysqli_fetch_array(): Argument #1 ($result) must be of type mysqli_result, bool given
#0 C:\xampp\htdocs\Projeto-Integrador\app\Views\pages\index-imoveis-disponiveis.php(32): mysqli_fetch_array(false)
#1 C:\xampp\htdocs\Projeto-Integrador\system\View\View.php(220): include('C:\\xampp\\htdocs...')
#2 C:\xampp\htdocs\Projeto-Integrador\system\View\View.php(222): CodeIgniter\View\View->CodeIgniter\View\{closure}()
#3 C:\xampp\htdocs\Projeto-Integrador\system\Common.php(1250): CodeIgniter\View\View->render('pages/index-imo...', Array, true)
#4 C:\xampp\htdocs\Projeto-Integrador\app\Controllers\Pages.php(57): view('pages/index-imo...', Array)
#5 C:\xampp\htdocs\Projeto-Integrador\system\CodeIgniter.php(938): App\Controllers\Pages->showme('index-imoveis-d...')
#6 C:\xampp\htdocs\Projeto-Integrador\system\CodeIgniter.php(434): CodeIgniter\CodeIgniter->runController(Object(App\Controllers\Pages))
#7 C:\xampp\htdocs\Projeto-Integrador\system\CodeIgniter.php(334): CodeIgniter\CodeIgniter->handleRequest(NULL, Object(Config\Cache), false)
#8 C:\xampp\htdocs\Projeto-Integrador\public\index.php(44): CodeIgniter\CodeIgniter->run()
#9 {main}
CRITICAL - 2021-04-19 13:30:30 --> Class "App\Controllers\PageNotFoundException" not found
#0 C:\xampp\htdocs\Projeto-Integrador\system\CodeIgniter.php(938): App\Controllers\Pages->showme('download (2).jp...')
#1 C:\xampp\htdocs\Projeto-Integrador\system\CodeIgniter.php(434): CodeIgniter\CodeIgniter->runController(Object(App\Controllers\Pages))
#2 C:\xampp\htdocs\Projeto-Integrador\system\CodeIgniter.php(334): CodeIgniter\CodeIgniter->handleRequest(NULL, Object(Config\Cache), false)
#3 C:\xampp\htdocs\Projeto-Integrador\public\index.php(44): CodeIgniter\CodeIgniter->run()
#4 {main}
CRITICAL - 2021-04-19 13:30:34 --> Class "App\Controllers\PageNotFoundException" not found
#0 C:\xampp\htdocs\Projeto-Integrador\system\CodeIgniter.php(938): App\Controllers\Pages->showme('images.jpg')
#1 C:\xampp\htdocs\Projeto-Integrador\system\CodeIgniter.php(434): CodeIgniter\CodeIgniter->runController(Object(App\Controllers\Pages))
#2 C:\xampp\htdocs\Projeto-Integrador\system\CodeIgniter.php(334): CodeIgniter\CodeIgniter->handleRequest(NULL, Object(Config\Cache), false)
#3 C:\xampp\htdocs\Projeto-Integrador\public\index.php(44): CodeIgniter\CodeIgniter->run()
#4 {main}
CRITICAL - 2021-04-19 13:30:41 --> Class "App\Controllers\PageNotFoundException" not found
#0 C:\xampp\htdocs\Projeto-Integrador\system\CodeIgniter.php(938): App\Controllers\Pages->showme('download (5).jp...')
#1 C:\xampp\htdocs\Projeto-Integrador\system\CodeIgniter.php(434): CodeIgniter\CodeIgniter->runController(Object(App\Controllers\Pages))
#2 C:\xampp\htdocs\Projeto-Integrador\system\CodeIgniter.php(334): CodeIgniter\CodeIgniter->handleRequest(NULL, Object(Config\Cache), false)
#3 C:\xampp\htdocs\Projeto-Integrador\public\index.php(44): CodeIgniter\CodeIgniter->run()
#4 {main}
CRITICAL - 2021-04-19 13:31:23 --> Class "App\Controllers\PageNotFoundException" not found
#0 C:\xampp\htdocs\Projeto-Integrador\system\CodeIgniter.php(938): App\Controllers\Pages->showme('images.jpg')
#1 C:\xampp\htdocs\Projeto-Integrador\system\CodeIgniter.php(434): CodeIgniter\CodeIgniter->runController(Object(App\Controllers\Pages))
#2 C:\xampp\htdocs\Projeto-Integrador\system\CodeIgniter.php(334): CodeIgniter\CodeIgniter->handleRequest(NULL, Object(Config\Cache), false)
#3 C:\xampp\htdocs\Projeto-Integrador\public\index.php(44): CodeIgniter\CodeIgniter->run()
#4 {main}
CRITICAL - 2021-04-19 13:31:27 --> Class "App\Controllers\PageNotFoundException" not found
#0 C:\xampp\htdocs\Projeto-Integrador\system\CodeIgniter.php(938): App\Controllers\Pages->showme('download (5).jp...')
#1 C:\xampp\htdocs\Projeto-Integrador\system\CodeIgniter.php(434): CodeIgniter\CodeIgniter->runController(Object(App\Controllers\Pages))
#2 C:\xampp\htdocs\Projeto-Integrador\system\CodeIgniter.php(334): CodeIgniter\CodeIgniter->handleRequest(NULL, Object(Config\Cache), false)
#3 C:\xampp\htdocs\Projeto-Integrador\public\index.php(44): CodeIgniter\CodeIgniter->run()
#4 {main}
CRITICAL - 2021-04-19 13:34:13 --> syntax error, unexpected token "."
#0 C:\xampp\htdocs\Projeto-Integrador\system\View\View.php(222): CodeIgniter\View\View->CodeIgniter\View\{closure}()
#1 C:\xampp\htdocs\Projeto-Integrador\system\Common.php(1250): CodeIgniter\View\View->render('pages/index', Array, true)
#2 C:\xampp\htdocs\Projeto-Integrador\app\Controllers\Pages.php(57): view('pages/index', Array)
#3 C:\xampp\htdocs\Projeto-Integrador\system\CodeIgniter.php(938): App\Controllers\Pages->showme('index')
#4 C:\xampp\htdocs\Projeto-Integrador\system\CodeIgniter.php(434): CodeIgniter\CodeIgniter->runController(Object(App\Controllers\Pages))
#5 C:\xampp\htdocs\Projeto-Integrador\system\CodeIgniter.php(334): CodeIgniter\CodeIgniter->handleRequest(NULL, Object(Config\Cache), false)
#6 C:\xampp\htdocs\Projeto-Integrador\public\index.php(44): CodeIgniter\CodeIgniter->run()
#7 {main}
CRITICAL - 2021-04-19 13:34:26 --> syntax error, unexpected token "."
#0 C:\xampp\htdocs\Projeto-Integrador\system\View\View.php(222): CodeIgniter\View\View->CodeIgniter\View\{closure}()
#1 C:\xampp\htdocs\Projeto-Integrador\system\Common.php(1250): CodeIgniter\View\View->render('pages/index', Array, true)
#2 C:\xampp\htdocs\Projeto-Integrador\app\Controllers\Pages.php(57): view('pages/index', Array)
#3 C:\xampp\htdocs\Projeto-Integrador\system\CodeIgniter.php(938): App\Controllers\Pages->showme('index')
#4 C:\xampp\htdocs\Projeto-Integrador\system\CodeIgniter.php(434): CodeIgniter\CodeIgniter->runController(Object(App\Controllers\Pages))
#5 C:\xampp\htdocs\Projeto-Integrador\system\CodeIgniter.php(334): CodeIgniter\CodeIgniter->handleRequest(NULL, Object(Config\Cache), false)
#6 C:\xampp\htdocs\Projeto-Integrador\public\index.php(44): CodeIgniter\CodeIgniter->run()
#7 {main}
CRITICAL - 2021-04-19 14:42:50 --> Undefined array key "usuario.id"
#0 C:\xampp\htdocs\Projeto-Integrador\app\Views\pages\index.php(78): CodeIgniter\Debug\Exceptions->errorHandler(2, 'Undefined array...', 'C:\\xampp\\htdocs...', 78)
#1 C:\xampp\htdocs\Projeto-Integrador\system\View\View.php(220): include('C:\\xampp\\htdocs...')
#2 C:\xampp\htdocs\Projeto-Integrador\system\View\View.php(222): CodeIgniter\View\View->CodeIgniter\View\{closure}()
#3 C:\xampp\htdocs\Projeto-Integrador\system\Common.php(1250): CodeIgniter\View\View->render('pages/index', Array, true)
#4 C:\xampp\htdocs\Projeto-Integrador\app\Controllers\Pages.php(57): view('pages/index', Array)
#5 C:\xampp\htdocs\Projeto-Integrador\system\CodeIgniter.php(938): App\Controllers\Pages->showme('index')
#6 C:\xampp\htdocs\Projeto-Integrador\system\CodeIgniter.php(434): CodeIgniter\CodeIgniter->runController(Object(App\Controllers\Pages))
#7 C:\xampp\htdocs\Projeto-Integrador\system\CodeIgniter.php(334): CodeIgniter\CodeIgniter->handleRequest(NULL, Object(Config\Cache), false)
#8 C:\xampp\htdocs\Projeto-Integrador\public\index.php(44): CodeIgniter\CodeIgniter->run()
#9 {main}
